[
  {
    "EventTime": "2020-08-01 06:49:15",
    "Hostname": "win-dc-8400769.attackrange.local",
    "Keywords": -9214364837600034816,
    "EventType": "AUDIT_SUCCESS",
    "SeverityValue": 2,
    "Severity": "INFO",
    "EventID": 4624,
    "SourceName": "Microsoft-Windows-Security-Auditing",
    "ProviderGuid": "{54849625-5478-4994-A5BA-3E3B0328C30D}",
    "Version": 2,
    "Task": 12544,
    "OpcodeValue": 0,
    "RecordNumber": 220249,
    "ProcessID": 864,
    "ThreadID": 900,
    "Channel": "Security",
    "Message": "An account was successfully logged on.\r\n\r\nSubject:\r\n\tSecurity ID:\t\tS-1-5-18\r\n\tAccount Name:\t\tWIN-DC-8400769$\r\n\tAccount Domain:\t\tATTACKRANGE\r\n\tLogon ID:\t\t0x3E7\r\n\r\nLogon Information:\r\n\tLogon Type:\t\t5\r\n\tRestricted Admin Mode:\t-\r\n\tVirtual Account:\t\tNo\r\n\tElevated Token:\t\tYes\r\n\r\nImpersonation Level:\t\tImpersonation\r\n\r\nNew Logon:\r\n\tSecurity ID:\t\tS-1-5-18\r\n\tAccount Name:\t\tSYSTEM\r\n\tAccount Domain:\t\tNT AUTHORITY\r\n\tLogon ID:\t\t0x3E7\r\n\tLinked Logon ID:\t\t0x0\r\n\tNetwork Account Name:\t-\r\n\tNetwork Account Domain:\t-\r\n\tLogon GUID:\t\t{00000000-0000-0000-0000-000000000000}\r\n\r\nProcess Information:\r\n\tProcess ID:\t\t0x354\r\n\tProcess Name:\t\tC:\\Windows\\System32\\services.exe\r\n\r\nNetwork Information:\r\n\tWorkstation Name:\t-\r\n\tSource Network Address:\t-\r\n\tSource Port:\t\t-\r\n\r\nDetailed Authentication Information:\r\n\tLogon Process:\t\tAdvapi  \r\n\tAuthentication Package:\tNegotiate\r\n\tTransited Services:\t-\r\n\tPackage Name (NTLM only):\t-\r\n\tKey Length:\t\t0\r\n\r\nThis event is generated when a logon session is created. It is generated on the computer that was accessed.\r\n\r\nThe subject fields indicate the account on the local system which requested the logon. This is most commonly a service such as the Server service, or a local process such as Winlogon.exe or Services.exe.\r\n\r\nThe logon type field indicates the kind of logon that occurred. The most common types are 2 (interactive) and 3 (network).\r\n\r\nThe New Logon fields indicate the account for whom the new logon was created, i.e. the account that was logged on.\r\n\r\nThe network fields indicate where a remote logon request originated. Workstation name is not always available and may be left blank in some cases.\r\n\r\nThe impersonation level field indicates the extent to which a process in the logon session can impersonate.\r\n\r\nThe authentication information fields provide detailed information about this specific logon request.\r\n\t- Logon GUID is a unique identifier that can be used to correlate this event with a KDC event.\r\n\t- Transited services indicate which intermediate services have participated in this logon request.\r\n\t- Package name indicates which sub-protocol was used among the NTLM protocols.\r\n\t- Key length indicates the length of the generated session key. This will be 0 if no session key was requested.",
    "Category": "Logon",
    "Opcode": "Info",
    "SubjectUserSid": "S-1-5-18",
    "SubjectUserName": "WIN-DC-8400769$",
    "SubjectDomainName": "ATTACKRANGE",
    "SubjectLogonId": "0x3e7",
    "TargetUserSid": "S-1-5-18",
    "TargetUserName": "SYSTEM",
    "TargetDomainName": "NT AUTHORITY",
    "TargetLogonId": "0x3e7",
    "LogonType": "5",
    "LogonProcessName": "Advapi  ",
    "AuthenticationPackageName": "Negotiate",
    "WorkstationName": "-",
    "LogonGuid": "{00000000-0000-0000-0000-000000000000}",
    "TransmittedServices": "-",
    "LmPackageName": "-",
    "KeyLength": "0",
    "ProcessName": "C:\\Windows\\System32\\services.exe",
    "IpAddress": "-",
    "IpPort": "-",
    "ImpersonationLevel": "%%1833",
    "RestrictedAdminMode": "-",
    "TargetOutboundUserName": "-",
    "TargetOutboundDomainName": "-",
    "VirtualAccount": "%%1843",
    "TargetLinkedLogonId": "0x0",
    "ElevatedToken": "%%1842",
    "EventReceivedTime": "2020-08-01 06:49:16",
    "SourceModuleName": "eventlog",
    "SourceModuleType": "im_msvistalog"
  },
  {
    "EventTime": "2020-08-01 06:49:15",
    "Hostname": "win-dc-8400769.attackrange.local",
    "Keywords": -9214364837600034816,
    "EventType": "AUDIT_SUCCESS",
    "SeverityValue": 2,
    "Severity": "INFO",
    "EventID": 4672,
    "SourceName": "Microsoft-Windows-Security-Auditing",
    "ProviderGuid": "{54849625-5478-4994-A5BA-3E3B0328C30D}",
    "Version": 0,
    "Task": 12548,
    "OpcodeValue": 0,
    "RecordNumber": 220250,
    "ProcessID": 864,
    "ThreadID": 900,
    "Channel": "Security",
    "Message": "Special privileges assigned to new logon.\r\n\r\nSubject:\r\n\tSecurity ID:\t\tS-1-5-18\r\n\tAccount Name:\t\tSYSTEM\r\n\tAccount Domain:\t\tNT AUTHORITY\r\n\tLogon ID:\t\t0x3E7\r\n\r\nPrivileges:\t\tSeAssignPrimaryTokenPrivilege\r\n\t\t\tSeTcbPrivilege\r\n\t\t\tSeSecurityPrivilege\r\n\t\t\tSeTakeOwnershipPrivilege\r\n\t\t\tSeLoadDriverPrivilege\r\n\t\t\tSeBackupPrivilege\r\n\t\t\tSeRestorePrivilege\r\n\t\t\tSeDebugPrivilege\r\n\t\t\tSeAuditPrivilege\r\n\t\t\tSeSystemEnvironmentPrivilege\r\n\t\t\tSeImpersonatePrivilege\r\n\t\t\tSeDelegateSessionUserImpersonatePrivilege",
    "Category": "Special Logon",
    "Opcode": "Info",
    "SubjectUserSid": "S-1-5-18",
    "SubjectUserName": "SYSTEM",
    "SubjectDomainName": "NT AUTHORITY",
    "SubjectLogonId": "0x3e7",
    "PrivilegeList": "SeAssignPrimaryTokenPrivilege\r\n\t\t\tSeTcbPrivilege\r\n\t\t\tSeSecurityPrivilege\r\n\t\t\tSeTakeOwnershipPrivilege\r\n\t\t\tSeLoadDriverPrivilege\r\n\t\t\tSeBackupPrivilege\r\n\t\t\tSeRestorePrivilege\r\n\t\t\tSeDebugPrivilege\r\n\t\t\tSeAuditPrivilege\r\n\t\t\tSeSystemEnvironmentPrivilege\r\n\t\t\tSeImpersonatePrivilege\r\n\t\t\tSeDelegateSessionUserImpersonatePrivilege",
    "EventReceivedTime": "2020-08-01 06:49:16",
    "SourceModuleName": "eventlog",
    "SourceModuleType": "im_msvistalog"
  },
  {
    "EventTime": "2020-08-01 06:49:28",
    "Hostname": "win-dc-8400769.attackrange.local",
    "Keywords": -9214364837600034816,
    "EventType": "AUDIT_SUCCESS",
    "SeverityValue": 2,
    "Severity": "INFO",
    "EventID": 4776,
    "SourceName": "Microsoft-Windows-Security-Auditing",
    "ProviderGuid": "{54849625-5478-4994-A5BA-3E3B0328C30D}",
    "Version": 0,
    "Task": 14336,
    "OpcodeValue": 0,
    "RecordNumber": 220266,
    "ProcessID": 864,
    "ThreadID": 900,
    "Channel": "Security",
    "Message": "The computer attempted to validate the credentials for an account.\r\n\r\nAuthentication Package:\tMICROSOFT_AUTHENTICATION_PACKAGE_V1_0\r\nLogon Account:\tAdministrator\r\nSource Workstation:\tWIN-DC-8400769\r\nError Code:\t0x0",
    "Category": "Credential Validation",
    "Opcode": "Info",
    "PackageName": "MICROSOFT_AUTHENTICATION_PACKAGE_V1_0",
    "TargetUserName": "Administrator",
    "Workstation": "WIN-DC-8400769",
    "Status": "0x0",
    "EventReceivedTime": "2020-08-01 06:49:29",
    "SourceModuleName": "eventlog",
    "SourceModuleType": "im_msvistalog"
  },
  {
    "EventTime": "2020-08-01 06:49:28",
    "Hostname": "win-dc-8400769.attackrange.local",
    "Keywords": -9214364837600034816,
    "EventType": "AUDIT_SUCCESS",
    "SeverityValue": 2,
    "Severity": "INFO",
    "EventID": 4648,
    "SourceName": "Microsoft-Windows-Security-Auditing",
    "ProviderGuid": "{54849625-5478-4994-A5BA-3E3B0328C30D}",
    "Version": 0,
    "Task": 12544,
    "OpcodeValue": 0,
    "RecordNumber": 220267,
    "ProcessID": 864,
    "ThreadID": 900,
    "Channel": "Security",
    "Message": "A logon was attempted using explicit credentials.\r\n\r\nSubject:\r\n\tSecurity ID:\t\tS-1-5-20\r\n\tAccount Name:\t\tWIN-DC-8400769$\r\n\tAccount Domain:\t\tATTACKRANGE\r\n\tLogon ID:\t\t0x3E4\r\n\tLogon GUID:\t\t{00000000-0000-0000-0000-000000000000}\r\n\r\nAccount Whose Credentials Were Used:\r\n\tAccount Name:\t\tAdministrator\r\n\tAccount Domain:\t\tATTACKRANGE\r\n\tLogon GUID:\t\t{00000000-0000-0000-0000-000000000000}\r\n\r\nTarget Server:\r\n\tTarget Server Name:\tlocalhost\r\n\tAdditional Information:\tlocalhost\r\n\r\nProcess Information:\r\n\tProcess ID:\t\t0x538\r\n\tProcess Name:\t\tC:\\Windows\\System32\\svchost.exe\r\n\r\nNetwork Information:\r\n\tNetwork Address:\t-\r\n\tPort:\t\t\t-\r\n\r\nThis event is generated when a process attempts to log on an account by explicitly specifying that account\u2019s credentials.  This most commonly occurs in batch-type configurations such as scheduled tasks, or when using the RUNAS command.",
    "Category": "Logon",
    "Opcode": "Info",
    "SubjectUserSid": "S-1-5-20",
    "SubjectUserName": "WIN-DC-8400769$",
    "SubjectDomainName": "ATTACKRANGE",
    "SubjectLogonId": "0x3e4",
    "LogonGuid": "{00000000-0000-0000-0000-000000000000}",
    "TargetUserName": "Administrator",
    "TargetDomainName": "ATTACKRANGE",
    "TargetLogonGuid": "{00000000-0000-0000-0000-000000000000}",
    "TargetServerName": "localhost",
    "TargetInfo": "localhost",
    "ProcessName": "C:\\Windows\\System32\\svchost.exe",
    "IpAddress": "-",
    "IpPort": "-",
    "EventReceivedTime": "2020-08-01 06:49:29",
    "SourceModuleName": "eventlog",
    "SourceModuleType": "im_msvistalog"
  },
  {
    "EventTime": "2020-08-01 06:49:38",
    "Hostname": "win-dc-8400769.attackrange.local",
    "Keywords": -9214364837600034816,
    "EventType": "AUDIT_SUCCESS",
    "SeverityValue": 2,
    "Severity": "INFO",
    "EventID": 4768,
    "SourceName": "Microsoft-Windows-Security-Auditing",
    "ProviderGuid": "{54849625-5478-4994-A5BA-3E3B0328C30D}",
    "Version": 0,
    "Task": 14339,
    "OpcodeValue": 0,
    "RecordNumber": 220274,
    "ProcessID": 864,
    "ThreadID": 988,
    "Channel": "Security",
    "Message": "A Kerberos authentication ticket (TGT) was requested.\r\n\r\nAccount Information:\r\n\tAccount Name:\t\tWIN-DC-8400769$\r\n\tSupplied Realm Name:\tATTACKRANGE.LOCAL\r\n\tUser ID:\t\t\tS-1-5-21-634332812-1885290706-2582043485-1008\r\n\r\nService Information:\r\n\tService Name:\t\tkrbtgt\r\n\tService ID:\t\tS-1-5-21-634332812-1885290706-2582043485-502\r\n\r\nNetwork Information:\r\n\tClient Address:\t\t::1\r\n\tClient Port:\t\t0\r\n\r\nAdditional Information:\r\n\tTicket Options:\t\t0x40810010\r\n\tResult Code:\t\t0x0\r\n\tTicket Encryption Type:\t0x12\r\n\tPre-Authentication Type:\t2\r\n\r\nCertificate Information:\r\n\tCertificate Issuer Name:\t\t\r\n\tCertificate Serial Number:\t\r\n\tCertificate Thumbprint:\t\t\r\n\r\nCertificate information is only provided if a certificate was used for pre-authentication.\r\n\r\nPre-authentication types, ticket options, encryption types and result codes are defined in RFC 4120.",
    "Category": "Kerberos Authentication Service",
    "Opcode": "Info",
    "TargetUserName": "WIN-DC-8400769$",
    "TargetDomainName": "ATTACKRANGE.LOCAL",
    "TargetSid": "S-1-5-21-634332812-1885290706-2582043485-1008",
    "ServiceName": "krbtgt",
    "ServiceSid": "S-1-5-21-634332812-1885290706-2582043485-502",
    "TicketOptions": "0x40810010",
    "Status": "0x0",
    "TicketEncryptionType": "0x12",
    "PreAuthType": "2",
    "IpAddress": "::1",
    "IpPort": "0",
    "EventReceivedTime": "2020-08-01 06:49:40",
    "SourceModuleName": "eventlog",
    "SourceModuleType": "im_msvistalog"
  },
  {
    "EventTime": "2020-08-01 06:49:38",
    "Hostname": "win-dc-8400769.attackrange.local",
    "Keywords": -9214364837600034816,
    "EventType": "AUDIT_SUCCESS",
    "SeverityValue": 2,
    "Severity": "INFO",
    "EventID": 4769,
    "SourceName": "Microsoft-Windows-Security-Auditing",
    "ProviderGuid": "{54849625-5478-4994-A5BA-3E3B0328C30D}",
    "Version": 0,
    "Task": 14337,
    "OpcodeValue": 0,
    "RecordNumber": 220276,
    "ProcessID": 864,
    "ThreadID": 988,
    "Channel": "Security",
    "Message": "A Kerberos service ticket was requested.\r\n\r\nAccount Information:\r\n\tAccount Name:\t\tWIN-DC-8400769$@ATTACKRANGE.LOCAL\r\n\tAccount Domain:\t\tATTACKRANGE.LOCAL\r\n\tLogon GUID:\t\t{D7CA9DD6-51D0-0808-95AB-F56B4CF637FF}\r\n\r\nService Information:\r\n\tService Name:\t\tWIN-DC-8400769$\r\n\tService ID:\t\tS-1-5-21-634332812-1885290706-2582043485-1008\r\n\r\nNetwork Information:\r\n\tClient Address:\t\t::1\r\n\tClient Port:\t\t0\r\n\r\nAdditional Information:\r\n\tTicket Options:\t\t0x40810000\r\n\tTicket Encryption Type:\t0x12\r\n\tFailure Code:\t\t0x0\r\n\tTransited Services:\t-\r\n\r\nThis event is generated every time access is requested to a resource such as a computer or a Windows service.  The service name indicates the resource to which access was requested.\r\n\r\nThis event can be correlated with Windows logon events by comparing the Logon GUID fields in each event.  The logon event occurs on the machine that was accessed, which is often a different machine than the domain controller which issued the service ticket.\r\n\r\nTicket options, encryption types, and failure codes are defined in RFC 4120.",
    "Category": "Kerberos Service Ticket Operations",
    "Opcode": "Info",
    "TargetUserName": "WIN-DC-8400769$@ATTACKRANGE.LOCAL",
    "TargetDomainName": "ATTACKRANGE.LOCAL",
    "ServiceName": "WIN-DC-8400769$",
    "ServiceSid": "S-1-5-21-634332812-1885290706-2582043485-1008",
    "TicketOptions": "0x40810000",
    "TicketEncryptionType": "0x12",
    "IpAddress": "::1",
    "IpPort": "0",
    "Status": "0x0",
    "LogonGuid": "{D7CA9DD6-51D0-0808-95AB-F56B4CF637FF}",
    "TransmittedServices": "-",
    "EventReceivedTime": "2020-08-01 06:49:40",
    "SourceModuleName": "eventlog",
    "SourceModuleType": "im_msvistalog"
  }
]