[
  {
    "EventTime": "2020-08-01 07:53:24",
    "Hostname": "win-dc-6178966.attackrange.local",
    "Keywords": -9223372036854775808,
    "EventType": "INFO",
    "SeverityValue": 2,
    "Severity": "INFO",
    "EventID": 10,
    "SourceName": "Microsoft-Windows-Sysmon",
    "ProviderGuid": "{5770385F-C22A-43E0-BF4C-06F5698FFBD9}",
    "Version": 3,
    "Task": 10,
    "OpcodeValue": 0,
    "RecordNumber": 1002,
    "ProcessID": 2804,
    "ThreadID": 3356,
    "Channel": "Microsoft-Windows-Sysmon/Operational",
    "Domain": "NT AUTHORITY",
    "AccountName": "SYSTEM",
    "UserID": "S-1-5-18",
    "AccountType": "User",
    "Message": "Process accessed:\r\nRuleName: \r\nUtcTime: 2020-08-01 07:53:10.877\r\nSourceProcessGUID: {41C8662E-1F63-5F25-0000-0010C3650000}\r\nSourceProcessId: 612\r\nSourceThreadId: 1128\r\nSourceImage: C:\\Windows\\system32\\svchost.exe\r\nTargetProcessGUID: {41C8662E-1F66-5F25-0000-0010B7B90100}\r\nTargetProcessId: 2812\r\nTargetImage: C:\\Windows\\system32\\wbem\\wmiprvse.exe\r\nGrantedAccess: 0x1FFFFF\r\nCallTrace: C:\\Windows\\SYSTEM32\\ntdll.dll+a7194|C:\\Windows\\System32\\KERNELBASE.dll+2b860|C:\\Windows\\System32\\KERNELBASE.dll+6f453|C:\\Windows\\System32\\KERNEL32.DLL+1d37f|c:\\windows\\system32\\rpcss.dll+35069|c:\\windows\\system32\\rpcss.dll+3a852|C:\\Windows\\System32\\RPCRT4.dll+78253|C:\\Windows\\System32\\RPCRT4.dll+43d4b|C:\\Windows\\System32\\RPCRT4.dll+4693a|C:\\Windows\\System32\\RPCRT4.dll+59cd4|C:\\Windows\\System32\\RPCRT4.dll+58bed|C:\\Windows\\System32\\RPCRT4.dll+5949b|C:\\Windows\\System32\\RPCRT4.dll+3933c|C:\\Windows\\System32\\RPCRT4.dll+397bc|C:\\Windows\\System32\\RPCRT4.dll+53dac|C:\\Windows\\System32\\RPCRT4.dll+5560b|C:\\Windows\\System32\\RPCRT4.dll+480ea|C:\\Windows\\SYSTEM32\\ntdll.dll+286be|C:\\Windows\\SYSTEM32\\ntdll.dll+2a029|C:\\Windows\\System32\\KERNEL32.DLL+84d4|C:\\Windows\\SYSTEM32\\ntdll.dll+6e871",
    "Category": "Process accessed (rule: ProcessAccess)",
    "Opcode": "Info",
    "UtcTime": "2020-08-01 07:53:10.877",
    "SourceProcessGUID": "{41C8662E-1F63-5F25-0000-0010C3650000}",
    "SourceProcessId": "612",
    "SourceThreadId": "1128",
    "SourceImage": "C:\\Windows\\system32\\svchost.exe",
    "TargetProcessGUID": "{41C8662E-1F66-5F25-0000-0010B7B90100}",
    "TargetProcessId": "2812",
    "TargetImage": "C:\\Windows\\system32\\wbem\\wmiprvse.exe",
    "GrantedAccess": "0x1fffff",
    "CallTrace": "C:\\Windows\\SYSTEM32\\ntdll.dll+a7194|C:\\Windows\\System32\\KERNELBASE.dll+2b860|C:\\Windows\\System32\\KERNELBASE.dll+6f453|C:\\Windows\\System32\\KERNEL32.DLL+1d37f|c:\\windows\\system32\\rpcss.dll+35069|c:\\windows\\system32\\rpcss.dll+3a852|C:\\Windows\\System32\\RPCRT4.dll+78253|C:\\Windows\\System32\\RPCRT4.dll+43d4b|C:\\Windows\\System32\\RPCRT4.dll+4693a|C:\\Windows\\System32\\RPCRT4.dll+59cd4|C:\\Windows\\System32\\RPCRT4.dll+58bed|C:\\Windows\\System32\\RPCRT4.dll+5949b|C:\\Windows\\System32\\RPCRT4.dll+3933c|C:\\Windows\\System32\\RPCRT4.dll+397bc|C:\\Windows\\System32\\RPCRT4.dll+53dac|C:\\Windows\\System32\\RPCRT4.dll+5560b|C:\\Windows\\System32\\RPCRT4.dll+480ea|C:\\Windows\\SYSTEM32\\ntdll.dll+286be|C:\\Windows\\SYSTEM32\\ntdll.dll+2a029|C:\\Windows\\System32\\KERNEL32.DLL+84d4|C:\\Windows\\SYSTEM32\\ntdll.dll+6e871",
    "EventReceivedTime": "2020-08-01 07:53:25",
    "SourceModuleName": "eventlog",
    "SourceModuleType": "im_msvistalog"
  },
  {
    "EventTime": "2020-08-01 07:59:13",
    "Hostname": "win-dc-6178966.attackrange.local",
    "Keywords": -9223372036854775808,
    "EventType": "INFO",
    "SeverityValue": 2,
    "Severity": "INFO",
    "EventID": 1,
    "SourceName": "Microsoft-Windows-Sysmon",
    "ProviderGuid": "{5770385F-C22A-43E0-BF4C-06F5698FFBD9}",
    "Version": 5,
    "Task": 1,
    "OpcodeValue": 0,
    "RecordNumber": 5203,
    "ProcessID": 2804,
    "ThreadID": 3356,
    "Channel": "Microsoft-Windows-Sysmon/Operational",
    "Domain": "NT AUTHORITY",
    "AccountName": "SYSTEM",
    "UserID": "S-1-5-18",
    "AccountType": "User",
    "Message": "Process Create:\r\nRuleName: \r\nUtcTime: 2020-08-01 07:59:13.839\r\nProcessGuid: {41C8662E-20D1-5F25-0000-00108C3E0800}\r\nProcessId: 668\r\nImage: C:\\Windows\\System32\\cmd.exe\r\nFileVersion: 10.0.14393.0 (rs1_release.160715-1616)\r\nDescription: Windows Command Processor\r\nProduct: Microsoft\u00ae Windows\u00ae Operating System\r\nCompany: Microsoft Corporation\r\nOriginalFileName: Cmd.Exe\r\nCommandLine: \"C:\\Windows\\system32\\cmd.exe\" /c \"wmic useraccount get /ALL /format:csv\" \r\nCurrentDirectory: C:\\Users\\ADMINI~1\\AppData\\Local\\Temp\\\r\nUser: ATTACKRANGE\\Administrator\r\nLogonGuid: {41C8662E-20CF-5F25-0000-00209EF40700}\r\nLogonId: 0x7F49E\r\nTerminalSessionId: 0\r\nIntegrityLevel: High\r\nHashes: MD5=F4F684066175B77E0C3A000549D2922C,SHA256=935C1861DF1F4018D698E8B65ABFA02D7E9037D8F68CA3C2065B6CA165D44AD2,IMPHASH=3062ED732D4B25D1C64F084DAC97D37A\r\nParentProcessGuid: {41C8662E-20D0-5F25-0000-0010871B0800}\r\nParentProcessId: 2992\r\nParentImage: C:\\Windows\\System32\\WindowsPowerShell\\v1.0\\powershell.exe\r\nParentCommandLine: \"powershell.exe\" -noninteractive -encodedcommand WwBDAG8AbgBzAG8AbABlAF0AOgA6AEkAbgBwAHUAdABFAG4AYwBvAGQAaQBuAGcAIAA9ACAATgBlAHcALQBPAGIAagBlAGMAdAAgAFQAZQB4AHQALgBVAFQARgA4AEUAbgBjAG8AZABpAG4AZwAgACQAZgBhAGwAcwBlADsAIABJAG0AcABvAHIAdAAtAE0AbwBkAHUAbABlACAAIgBDADoAXABBAHQAbwBtAGkAYwBSAGUAZABUAGUAYQBtAFwAaQBuAHYAbwBrAGUALQBhAHQAbwBtAGkAYwByAGUAZAB0AGUAYQBtAFwASQBuAHYAbwBrAGUALQBBAHQAbwBtAGkAYwBSAGUAZABUAGUAYQBtAC4AcABzAGQAMQAiACAALQBGAG8AcgBjAGUACgBJAG4AdgBvAGsAZQAtAEEAdABvAG0AaQBjAFQAZQBzAHQAIAAiAFQAMQAwADQANwAiACAALQBDAG8AbgBmAGkAcgBtADoAJABmAGEAbABzAGUAIAAtAFQAaQBtAGUAbwB1AHQAUwBlAGMAbwBuAGQAcwAgADMAMAAwACAALQBFAHgAZQBjAHUAdABpAG8AbgBMAG8AZwBQAGEAdABoACAAQwA6AFwAQQB0AG8AbQBpAGMAUgBlAGQAVABlAGEAbQBcAGEAdABjAF8AZQB4AGUAYwB1AHQAaQBvAG4ALgBjAHMAdgA=",
    "Category": "Process Create (rule: ProcessCreate)",
    "Opcode": "Info",
    "UtcTime": "2020-08-01 07:59:13.839",
    "ProcessGuid": "{41C8662E-20D1-5F25-0000-00108C3E0800}",
    "Image": "C:\\Windows\\System32\\cmd.exe",
    "FileVersion": "10.0.14393.0 (rs1_release.160715-1616)",
    "Description": "Windows Command Processor",
    "Product": "Microsoft\u00ae Windows\u00ae Operating System",
    "Company": "Microsoft Corporation",
    "OriginalFileName": "Cmd.Exe",
    "CommandLine": "\"C:\\Windows\\system32\\cmd.exe\" /c \"wmic useraccount get /ALL /format:csv\" ",
    "CurrentDirectory": "C:\\Users\\ADMINI~1\\AppData\\Local\\Temp\\",
    "User": "ATTACKRANGE\\Administrator",
    "LogonGuid": "{41C8662E-20CF-5F25-0000-00209EF40700}",
    "LogonId": "0x7f49e",
    "TerminalSessionId": "0",
    "IntegrityLevel": "High",
    "Hashes": "MD5=F4F684066175B77E0C3A000549D2922C,SHA256=935C1861DF1F4018D698E8B65ABFA02D7E9037D8F68CA3C2065B6CA165D44AD2,IMPHASH=3062ED732D4B25D1C64F084DAC97D37A",
    "ParentProcessGuid": "{41C8662E-20D0-5F25-0000-0010871B0800}",
    "ParentProcessId": "2992",
    "ParentImage": "C:\\Windows\\System32\\WindowsPowerShell\\v1.0\\powershell.exe",
    "ParentCommandLine": "\"powershell.exe\" -noninteractive -encodedcommand WwBDAG8AbgBzAG8AbABlAF0AOgA6AEkAbgBwAHUAdABFAG4AYwBvAGQAaQBuAGcAIAA9ACAATgBlAHcALQBPAGIAagBlAGMAdAAgAFQAZQB4AHQALgBVAFQARgA4AEUAbgBjAG8AZABpAG4AZwAgACQAZgBhAGwAcwBlADsAIABJAG0AcABvAHIAdAAtAE0AbwBkAHUAbABlACAAIgBDADoAXABBAHQAbwBtAGkAYwBSAGUAZABUAGUAYQBtAFwAaQBuAHYAbwBrAGUALQBhAHQAbwBtAGkAYwByAGUAZAB0AGUAYQBtAFwASQBuAHYAbwBrAGUALQBBAHQAbwBtAGkAYwBSAGUAZABUAGUAYQBtAC4AcABzAGQAMQAiACAALQBGAG8AcgBjAGUACgBJAG4AdgBvAGsAZQAtAEEAdABvAG0AaQBjAFQAZQBzAHQAIAAiAFQAMQAwADQANwAiACAALQBDAG8AbgBmAGkAcgBtADoAJABmAGEAbABzAGUAIAAtAFQAaQBtAGUAbwB1AHQAUwBlAGMAbwBuAGQAcwAgADMAMAAwACAALQBFAHgAZQBjAHUAdABpAG8AbgBMAG8AZwBQAGEAdABoACAAQwA6AFwAQQB0AG8AbQBpAGMAUgBlAGQAVABlAGEAbQBcAGEAdABjAF8AZQB4AGUAYwB1AHQAaQBvAG4ALgBjAHMAdgA=",
    "EventReceivedTime": "2020-08-01 07:59:14",
    "SourceModuleName": "eventlog",
    "SourceModuleType": "im_msvistalog"
  },
  {
    "EventTime": "2020-08-01 07:59:14",
    "Hostname": "win-dc-6178966.attackrange.local",
    "Keywords": -9223372036854775808,
    "EventType": "INFO",
    "SeverityValue": 2,
    "Severity": "INFO",
    "EventID": 1,
    "SourceName": "Microsoft-Windows-Sysmon",
    "ProviderGuid": "{5770385F-C22A-43E0-BF4C-06F5698FFBD9}",
    "Version": 5,
    "Task": 1,
    "OpcodeValue": 0,
    "RecordNumber": 5242,
    "ProcessID": 2804,
    "ThreadID": 3356,
    "Channel": "Microsoft-Windows-Sysmon/Operational",
    "Domain": "NT AUTHORITY",
    "AccountName": "SYSTEM",
    "UserID": "S-1-5-18",
    "AccountType": "User",
    "Message": "Process Create:\r\nRuleName: \r\nUtcTime: 2020-08-01 07:59:14.055\r\nProcessGuid: {41C8662E-20D2-5F25-0000-001085460800}\r\nProcessId: 4700\r\nImage: C:\\Windows\\System32\\cmd.exe\r\nFileVersion: 10.0.14393.0 (rs1_release.160715-1616)\r\nDescription: Windows Command Processor\r\nProduct: Microsoft\u00ae Windows\u00ae Operating System\r\nCompany: Microsoft Corporation\r\nOriginalFileName: Cmd.Exe\r\nCommandLine: \"C:\\Windows\\system32\\cmd.exe\" /c \"wmic process get caption,executablepath,commandline /format:csv\" \r\nCurrentDirectory: C:\\Users\\ADMINI~1\\AppData\\Local\\Temp\\\r\nUser: ATTACKRANGE\\Administrator\r\nLogonGuid: {41C8662E-20CF-5F25-0000-00209EF40700}\r\nLogonId: 0x7F49E\r\nTerminalSessionId: 0\r\nIntegrityLevel: High\r\nHashes: MD5=F4F684066175B77E0C3A000549D2922C,SHA256=935C1861DF1F4018D698E8B65ABFA02D7E9037D8F68CA3C2065B6CA165D44AD2,IMPHASH=3062ED732D4B25D1C64F084DAC97D37A\r\nParentProcessGuid: {41C8662E-20D0-5F25-0000-0010871B0800}\r\nParentProcessId: 2992\r\nParentImage: C:\\Windows\\System32\\WindowsPowerShell\\v1.0\\powershell.exe\r\nParentCommandLine: \"powershell.exe\" -noninteractive -encodedcommand WwBDAG8AbgBzAG8AbABlAF0AOgA6AEkAbgBwAHUAdABFAG4AYwBvAGQAaQBuAGcAIAA9ACAATgBlAHcALQBPAGIAagBlAGMAdAAgAFQAZQB4AHQALgBVAFQARgA4AEUAbgBjAG8AZABpAG4AZwAgACQAZgBhAGwAcwBlADsAIABJAG0AcABvAHIAdAAtAE0AbwBkAHUAbABlACAAIgBDADoAXABBAHQAbwBtAGkAYwBSAGUAZABUAGUAYQBtAFwAaQBuAHYAbwBrAGUALQBhAHQAbwBtAGkAYwByAGUAZAB0AGUAYQBtAFwASQBuAHYAbwBrAGUALQBBAHQAbwBtAGkAYwBSAGUAZABUAGUAYQBtAC4AcABzAGQAMQAiACAALQBGAG8AcgBjAGUACgBJAG4AdgBvAGsAZQAtAEEAdABvAG0AaQBjAFQAZQBzAHQAIAAiAFQAMQAwADQANwAiACAALQBDAG8AbgBmAGkAcgBtADoAJABmAGEAbABzAGUAIAAtAFQAaQBtAGUAbwB1AHQAUwBlAGMAbwBuAGQAcwAgADMAMAAwACAALQBFAHgAZQBjAHUAdABpAG8AbgBMAG8AZwBQAGEAdABoACAAQwA6AFwAQQB0AG8AbQBpAGMAUgBlAGQAVABlAGEAbQBcAGEAdABjAF8AZQB4AGUAYwB1AHQAaQBvAG4ALgBjAHMAdgA=",
    "Category": "Process Create (rule: ProcessCreate)",
    "Opcode": "Info",
    "UtcTime": "2020-08-01 07:59:14.055",
    "ProcessGuid": "{41C8662E-20D2-5F25-0000-001085460800}",
    "Image": "C:\\Windows\\System32\\cmd.exe",
    "FileVersion": "10.0.14393.0 (rs1_release.160715-1616)",
    "Description": "Windows Command Processor",
    "Product": "Microsoft\u00ae Windows\u00ae Operating System",
    "Company": "Microsoft Corporation",
    "OriginalFileName": "Cmd.Exe",
    "CommandLine": "\"C:\\Windows\\system32\\cmd.exe\" /c \"wmic process get caption,executablepath,commandline /format:csv\" ",
    "CurrentDirectory": "C:\\Users\\ADMINI~1\\AppData\\Local\\Temp\\",
    "User": "ATTACKRANGE\\Administrator",
    "LogonGuid": "{41C8662E-20CF-5F25-0000-00209EF40700}",
    "LogonId": "0x7f49e",
    "TerminalSessionId": "0",
    "IntegrityLevel": "High",
    "Hashes": "MD5=F4F684066175B77E0C3A000549D2922C,SHA256=935C1861DF1F4018D698E8B65ABFA02D7E9037D8F68CA3C2065B6CA165D44AD2,IMPHASH=3062ED732D4B25D1C64F084DAC97D37A",
    "ParentProcessGuid": "{41C8662E-20D0-5F25-0000-0010871B0800}",
    "ParentProcessId": "2992",
    "ParentImage": "C:\\Windows\\System32\\WindowsPowerShell\\v1.0\\powershell.exe",
    "ParentCommandLine": "\"powershell.exe\" -noninteractive -encodedcommand WwBDAG8AbgBzAG8AbABlAF0AOgA6AEkAbgBwAHUAdABFAG4AYwBvAGQAaQBuAGcAIAA9ACAATgBlAHcALQBPAGIAagBlAGMAdAAgAFQAZQB4AHQALgBVAFQARgA4AEUAbgBjAG8AZABpAG4AZwAgACQAZgBhAGwAcwBlADsAIABJAG0AcABvAHIAdAAtAE0AbwBkAHUAbABlACAAIgBDADoAXABBAHQAbwBtAGkAYwBSAGUAZABUAGUAYQBtAFwAaQBuAHYAbwBrAGUALQBhAHQAbwBtAGkAYwByAGUAZAB0AGUAYQBtAFwASQBuAHYAbwBrAGUALQBBAHQAbwBtAGkAYwBSAGUAZABUAGUAYQBtAC4AcABzAGQAMQAiACAALQBGAG8AcgBjAGUACgBJAG4AdgBvAGsAZQAtAEEAdABvAG0AaQBjAFQAZQBzAHQAIAAiAFQAMQAwADQANwAiACAALQBDAG8AbgBmAGkAcgBtADoAJABmAGEAbABzAGUAIAAtAFQAaQBtAGUAbwB1AHQAUwBlAGMAbwBuAGQAcwAgADMAMAAwACAALQBFAHgAZQBjAHUAdABpAG8AbgBMAG8AZwBQAGEAdABoACAAQwA6AFwAQQB0AG8AbQBpAGMAUgBlAGQAVABlAGEAbQBcAGEAdABjAF8AZQB4AGUAYwB1AHQAaQBvAG4ALgBjAHMAdgA=",
    "EventReceivedTime": "2020-08-01 07:59:14",
    "SourceModuleName": "eventlog",
    "SourceModuleType": "im_msvistalog"
  }
]